<?xml version="1.0" encoding="UTF-8"?>
<!-- Generated by org.testng.reporters.JUnitXMLReporter -->
<testsuite hostname="NODE147" name=" Chrome Test" tests="4" failures="2" timestamp="27 Oct 2014 07:08:46 GMT" time="20.664" errors="0">
  <testcase name="GmailTest" time="14.489" classname="seleniumpackage.Webelements"/>
  <testcase name="Javascript" time="3.291" classname="seleniumpackage.Webelements"/>
  <testcase name="Screenshots" time="0.032" classname="seleniumpackage.Webelements">
    <failure type="org.openqa.selenium.UnhandledAlertException" message="Modal dialog present: 21
Build info: version: &amp;apos;2.42.2&amp;apos;, revision: &amp;apos;6a6995d&amp;apos;, time: &amp;apos;2014-06-03 17:42:30&amp;apos;
System info: host: &amp;apos;NODE147&amp;apos;, ip: &amp;apos;192.168.40.1&amp;apos;, os.name: &amp;apos;Windows 7&amp;apos;, os.arch: &amp;apos;amd64&amp;apos;, os.version: &amp;apos;6.1&amp;apos;, java.version: &amp;apos;1.6.0_45&amp;apos;
Session ID: b1ea40ea-55f4-4c1a-8f8c-a8b4dfe30954
Driver info: org.openqa.selenium.firefox.FirefoxDriver
Capabilities [{platform=XP, acceptSslCerts=true, javascriptEnabled=true, browserName=firefox, rotatable=false, locationContextEnabled=true, version=27.0, cssSelectorsEnabled=true, databaseEnabled=true, handlesAlerts=true, browserConnectionEnabled=true, nativeEvents=false, webStorageEnabled=true, applicationCacheEnabled=true, takesScreenshot=true}]">
      <![CDATA[org.openqa.selenium.UnhandledAlertException: Modal dialog present: 21
Build info: version: '2.42.2', revision: '6a6995d', time: '2014-06-03 17:42:30'
System info: host: 'NODE147', ip: '192.168.40.1', os.name: 'Windows 7', os.arch: 'amd64', os.version: '6.1', java.version: '1.6.0_45'
Session ID: b1ea40ea-55f4-4c1a-8f8c-a8b4dfe30954
Driver info: org.openqa.selenium.firefox.FirefoxDriver
Capabilities [{platform=XP, acceptSslCerts=true, javascriptEnabled=true, browserName=firefox, rotatable=false, locationContextEnabled=true, version=27.0, cssSelectorsEnabled=true, databaseEnabled=true, handlesAlerts=true, browserConnectionEnabled=true, nativeEvents=false, webStorageEnabled=true, applicationCacheEnabled=true, takesScreenshot=true}]
	at org.openqa.selenium.remote.ErrorHandler.createThrowable(ErrorHandler.java:204)
	at org.openqa.selenium.remote.ErrorHandler.createUnhandledAlertException(ErrorHandler.java:185)
	at org.openqa.selenium.remote.ErrorHandler.throwIfResponseFailed(ErrorHandler.java:152)
	at org.openqa.selenium.remote.RemoteWebDriver.execute(RemoteWebDriver.java:599)
	at org.openqa.selenium.remote.RemoteWebDriver.get(RemoteWebDriver.java:304)
	at seleniumpackage.Webelements.Screenshots(Webelements.java:69)
... Removed 28 stack frames]]>
    </failure>
  </testcase> <!-- Screenshots -->
  <testcase name="linkPresent" time="2.558" classname="seleniumpackage.Webelements">
    <failure type="java.lang.AssertionError" message="expected [true] but found [false]">
      <![CDATA[java.lang.AssertionError: expected [true] but found [false]
	at seleniumpackage.Webelements.linkPresent(Webelements.java:90)
... Removed 28 stack frames]]>
    </failure>
  </testcase> <!-- linkPresent -->
</testsuite> <!--  Chrome Test -->
